2025-05-31 17:23:55,350 [Worker-5: Loading available Gradle versions] INFO  o.e.b.c.i.u.g.PublishedGradleVersions - Gradle version information cache is not available. Remote download required.
2025-05-31 17:24:23,393 [Worker-10: Importing Maven projects] INFO  o.e.m.c.i.l.LifecycleMappingFactory - Using org.eclipse.m2e.jdt.JarLifecycleMapping lifecycle mapping for MavenProject: com.example:todo:0.0.1-SNAPSHOT @ F:\Enzigma_V02\todo\pom.xml.
2025-05-31 17:24:27,372 [Worker-10: Importing Maven projects] INFO  o.e.m.j.i.AbstractJavaProjectConfigurator - Adding source folder /todo/src/main/java
2025-05-31 17:24:27,379 [Worker-10: Importing Maven projects] INFO  o.e.m.j.i.AbstractJavaProjectConfigurator - Adding resource folder /todo/src/main/resources
2025-05-31 17:24:27,382 [Worker-10: Importing Maven projects] INFO  o.e.m.j.i.AbstractJavaProjectConfigurator - Adding resource folder /todo/src/main/resources
2025-05-31 17:24:27,384 [Worker-10: Importing Maven projects] INFO  o.e.m.j.i.AbstractJavaProjectConfigurator - Adding source folder /todo/src/test/java
2025-05-31 17:24:27,386 [Worker-10: Importing Maven projects] INFO  o.e.m.j.i.AbstractJavaProjectConfigurator - Adding resource folder /todo/src/test/resources
2025-05-31 17:24:29,150 [Worker-10: Importing Maven projects] INFO  o.e.m.c.i.p.ProjectConfigurationManager - Imported and configured 1 project(s) in 10 sec
2025-05-31 17:24:33,819 [Worker-12: Building] INFO  o.a.m.s.f.DefaultMavenResourcesFiltering - Copying 1 resource from src\main\resources to target\classes
2025-05-31 17:24:33,858 [Worker-12: Building] INFO  o.a.m.s.f.DefaultMavenResourcesFiltering - Copying 0 resource from src\main\resources to target\classes
2025-05-31 17:24:33,867 [Worker-12: Building] INFO  o.a.m.s.f.DefaultMavenResourcesFiltering - skip non existing resourceDirectory F:\Enzigma_V02\todo\src\test\resources
2025-05-31 17:24:54,543 [Worker-6: Building] INFO  o.a.m.s.f.DefaultMavenResourcesFiltering - Copying 1 resource from src\main\resources to target\classes
2025-05-31 17:24:54,552 [Worker-6: Building] INFO  o.a.m.s.f.DefaultMavenResourcesFiltering - Copying 0 resource from src\main\resources to target\classes
2025-05-31 17:24:54,559 [Worker-6: Building] INFO  o.a.m.s.f.DefaultMavenResourcesFiltering - skip non existing resourceDirectory F:\Enzigma_V02\todo\src\test\resources
2025-05-31 17:24:58,030 [Worker-14: Building] INFO  o.a.m.s.f.DefaultMavenResourcesFiltering - Copying 1 resource from src\main\resources to target\classes
2025-05-31 17:24:58,058 [Worker-14: Building] INFO  o.a.m.s.f.DefaultMavenResourcesFiltering - Copying 0 resource from src\main\resources to target\classes
2025-05-31 17:24:58,077 [Worker-14: Building] INFO  o.a.m.s.f.DefaultMavenResourcesFiltering - skip non existing resourceDirectory F:\Enzigma_V02\todo\src\test\resources
2025-05-31 17:25:37,190 [Worker-13: Building] INFO  o.a.m.s.f.DefaultMavenResourcesFiltering - Copying 1 resource from src\main\resources to target\classes
2025-05-31 17:25:37,196 [Worker-13: Building] INFO  o.a.m.s.f.DefaultMavenResourcesFiltering - Copying 0 resource from src\main\resources to target\classes
2025-05-31 17:25:37,202 [Worker-13: Building] INFO  o.a.m.s.f.DefaultMavenResourcesFiltering - skip non existing resourceDirectory F:\Enzigma_V02\todo\src\test\resources
2025-05-31 17:25:54,979 [Worker-1: Building] INFO  o.a.m.s.f.DefaultMavenResourcesFiltering - Copying 1 resource from src\main\resources to target\classes
2025-05-31 17:25:54,986 [Worker-1: Building] INFO  o.a.m.s.f.DefaultMavenResourcesFiltering - Copying 0 resource from src\main\resources to target\classes
2025-05-31 17:25:54,993 [Worker-1: Building] INFO  o.a.m.s.f.DefaultMavenResourcesFiltering - skip non existing resourceDirectory F:\Enzigma_V02\todo\src\test\resources
2025-05-31 17:26:31,333 [Worker-12: Building] INFO  o.a.m.s.f.DefaultMavenResourcesFiltering - Copying 1 resource from src\main\resources to target\classes
2025-05-31 17:26:31,348 [Worker-12: Building] INFO  o.a.m.s.f.DefaultMavenResourcesFiltering - Copying 0 resource from src\main\resources to target\classes
2025-05-31 17:26:31,355 [Worker-12: Building] INFO  o.a.m.s.f.DefaultMavenResourcesFiltering - skip non existing resourceDirectory F:\Enzigma_V02\todo\src\test\resources
2025-05-31 17:26:41,381 [Worker-9: Building] INFO  o.a.m.s.f.DefaultMavenResourcesFiltering - Copying 1 resource from src\main\resources to target\classes
2025-05-31 17:26:41,386 [Worker-9: Building] INFO  o.a.m.s.f.DefaultMavenResourcesFiltering - Copying 0 resource from src\main\resources to target\classes
2025-05-31 17:26:41,393 [Worker-9: Building] INFO  o.a.m.s.f.DefaultMavenResourcesFiltering - skip non existing resourceDirectory F:\Enzigma_V02\todo\src\test\resources
2025-05-31 17:26:42,708 [Worker-5: Building] INFO  o.a.m.s.f.DefaultMavenResourcesFiltering - Copying 1 resource from src\main\resources to target\classes
2025-05-31 17:26:42,714 [Worker-5: Building] INFO  o.a.m.s.f.DefaultMavenResourcesFiltering - Copying 0 resource from src\main\resources to target\classes
2025-05-31 17:26:42,719 [Worker-5: Building] INFO  o.a.m.s.f.DefaultMavenResourcesFiltering - skip non existing resourceDirectory F:\Enzigma_V02\todo\src\test\resources
2025-05-31 17:27:04,876 [Worker-12: Building] INFO  o.a.m.s.f.DefaultMavenResourcesFiltering - Copying 1 resource from src\main\resources to target\classes
2025-05-31 17:27:04,881 [Worker-12: Building] INFO  o.a.m.s.f.DefaultMavenResourcesFiltering - Copying 0 resource from src\main\resources to target\classes
2025-05-31 17:27:04,887 [Worker-12: Building] INFO  o.a.m.s.f.DefaultMavenResourcesFiltering - skip non existing resourceDirectory F:\Enzigma_V02\todo\src\test\resources
2025-05-31 17:29:16,111 [Worker-14: Building] INFO  o.a.m.s.f.DefaultMavenResourcesFiltering - Copying 1 resource from src\main\resources to target\classes
2025-05-31 17:29:16,119 [Worker-14: Building] INFO  o.a.m.s.f.DefaultMavenResourcesFiltering - Copying 0 resource from src\main\resources to target\classes
2025-05-31 17:29:16,125 [Worker-14: Building] INFO  o.a.m.s.f.DefaultMavenResourcesFiltering - skip non existing resourceDirectory F:\Enzigma_V02\todo\src\test\resources
2025-05-31 17:29:51,065 [Worker-11: Building] INFO  o.a.m.s.f.DefaultMavenResourcesFiltering - Copying 1 resource from src\main\resources to target\classes
2025-05-31 17:29:51,071 [Worker-11: Building] INFO  o.a.m.s.f.DefaultMavenResourcesFiltering - Copying 0 resource from src\main\resources to target\classes
2025-05-31 17:29:51,076 [Worker-11: Building] INFO  o.a.m.s.f.DefaultMavenResourcesFiltering - skip non existing resourceDirectory F:\Enzigma_V02\todo\src\test\resources
2025-05-31 17:29:57,603 [Worker-5: Building] INFO  o.a.m.s.f.DefaultMavenResourcesFiltering - Copying 1 resource from src\main\resources to target\classes
2025-05-31 17:29:57,608 [Worker-5: Building] INFO  o.a.m.s.f.DefaultMavenResourcesFiltering - Copying 0 resource from src\main\resources to target\classes
2025-05-31 17:29:57,613 [Worker-5: Building] INFO  o.a.m.s.f.DefaultMavenResourcesFiltering - skip non existing resourceDirectory F:\Enzigma_V02\todo\src\test\resources
2025-05-31 17:30:15,673 [Worker-8: Building] INFO  o.a.m.s.f.DefaultMavenResourcesFiltering - Copying 1 resource from src\main\resources to target\classes
2025-05-31 17:30:15,677 [Worker-8: Building] INFO  o.a.m.s.f.DefaultMavenResourcesFiltering - Copying 0 resource from src\main\resources to target\classes
2025-05-31 17:30:15,682 [Worker-8: Building] INFO  o.a.m.s.f.DefaultMavenResourcesFiltering - skip non existing resourceDirectory F:\Enzigma_V02\todo\src\test\resources
2025-05-31 17:30:44,276 [Worker-0: Building] INFO  o.a.m.s.f.DefaultMavenResourcesFiltering - Copying 1 resource from src\main\resources to target\classes
2025-05-31 17:30:44,282 [Worker-0: Building] INFO  o.a.m.s.f.DefaultMavenResourcesFiltering - Copying 0 resource from src\main\resources to target\classes
2025-05-31 17:30:44,285 [Worker-0: Building] INFO  o.a.m.s.f.DefaultMavenResourcesFiltering - skip non existing resourceDirectory F:\Enzigma_V02\todo\src\test\resources
2025-05-31 17:30:56,361 [main] INFO  o.e.m2e.actions.ExecutePomAction - Creating new launch configuration
2025-05-31 17:31:06,077 [Worker-2: Launching todo] INFO  o.eclipse.m2e.core.internal.Bundles - getClasspathEntries(Bundle=org.eclipse.m2e.maven.runtime_3.9.900.20240824-1409 [364])
2025-05-31 17:31:06,080 [Worker-2: Launching todo] INFO  o.eclipse.m2e.core.internal.Bundles - 	Entry: C:\sts-4.27.0.RELEASE\plugins\org.eclipse.m2e.maven.runtime_3.9.900.20240824-1409
2025-05-31 17:31:06,080 [Worker-2: Launching todo] INFO  o.eclipse.m2e.core.internal.Bundles - 	Entry: C:\sts-4.27.0.RELEASE\plugins\org.eclipse.m2e.maven.runtime_3.9.900.20240824-1409\jars\aopalliance-1.0.jar
2025-05-31 17:31:06,081 [Worker-2: Launching todo] INFO  o.eclipse.m2e.core.internal.Bundles - 	Entry: C:\sts-4.27.0.RELEASE\plugins\org.eclipse.m2e.maven.runtime_3.9.900.20240824-1409\jars\guice-5.1.0.jar
2025-05-31 17:31:06,082 [Worker-2: Launching todo] INFO  o.eclipse.m2e.core.internal.Bundles - 	Entry: C:\sts-4.27.0.RELEASE\plugins\org.eclipse.m2e.maven.runtime_3.9.900.20240824-1409\jars\httpclient-4.5.14.jar
2025-05-31 17:31:06,082 [Worker-2: Launching todo] INFO  o.eclipse.m2e.core.internal.Bundles - 	Entry: C:\sts-4.27.0.RELEASE\plugins\org.eclipse.m2e.maven.runtime_3.9.900.20240824-1409\jars\httpcore-4.4.16.jar
2025-05-31 17:31:06,083 [Worker-2: Launching todo] INFO  o.eclipse.m2e.core.internal.Bundles - 	Entry: C:\sts-4.27.0.RELEASE\plugins\org.eclipse.m2e.maven.runtime_3.9.900.20240824-1409\jars\jansi-2.4.1.jar
2025-05-31 17:31:06,083 [Worker-2: Launching todo] INFO  o.eclipse.m2e.core.internal.Bundles - 	Entry: C:\sts-4.27.0.RELEASE\plugins\org.eclipse.m2e.maven.runtime_3.9.900.20240824-1409\jars\jcl-over-slf4j-1.7.36.jar
2025-05-31 17:31:06,084 [Worker-2: Launching todo] INFO  o.eclipse.m2e.core.internal.Bundles - 	Entry: C:\sts-4.27.0.RELEASE\plugins\org.eclipse.m2e.maven.runtime_3.9.900.20240824-1409\jars\maven-artifact-3.9.9.jar
2025-05-31 17:31:06,084 [Worker-2: Launching todo] INFO  o.eclipse.m2e.core.internal.Bundles - 	Entry: C:\sts-4.27.0.RELEASE\plugins\org.eclipse.m2e.maven.runtime_3.9.900.20240824-1409\jars\maven-builder-support-3.9.9.jar
2025-05-31 17:31:06,084 [Worker-2: Launching todo] INFO  o.eclipse.m2e.core.internal.Bundles - 	Entry: C:\sts-4.27.0.RELEASE\plugins\org.eclipse.m2e.maven.runtime_3.9.900.20240824-1409\jars\maven-compat-3.9.9.jar
2025-05-31 17:31:06,085 [Worker-2: Launching todo] INFO  o.eclipse.m2e.core.internal.Bundles - 	Entry: C:\sts-4.27.0.RELEASE\plugins\org.eclipse.m2e.maven.runtime_3.9.900.20240824-1409\jars\maven-core-3.9.9.jar
2025-05-31 17:31:06,085 [Worker-2: Launching todo] INFO  o.eclipse.m2e.core.internal.Bundles - 	Entry: C:\sts-4.27.0.RELEASE\plugins\org.eclipse.m2e.maven.runtime_3.9.900.20240824-1409\jars\maven-embedder-3.9.9.jar
2025-05-31 17:31:06,086 [Worker-2: Launching todo] INFO  o.eclipse.m2e.core.internal.Bundles - 	Entry: C:\sts-4.27.0.RELEASE\plugins\org.eclipse.m2e.maven.runtime_3.9.900.20240824-1409\jars\maven-model-3.9.9.jar
2025-05-31 17:31:06,087 [Worker-2: Launching todo] INFO  o.eclipse.m2e.core.internal.Bundles - 	Entry: C:\sts-4.27.0.RELEASE\plugins\org.eclipse.m2e.maven.runtime_3.9.900.20240824-1409\jars\maven-model-builder-3.9.9.jar
2025-05-31 17:31:06,087 [Worker-2: Launching todo] INFO  o.eclipse.m2e.core.internal.Bundles - 	Entry: C:\sts-4.27.0.RELEASE\plugins\org.eclipse.m2e.maven.runtime_3.9.900.20240824-1409\jars\maven-plugin-api-3.9.9.jar
2025-05-31 17:31:06,087 [Worker-2: Launching todo] INFO  o.eclipse.m2e.core.internal.Bundles - 	Entry: C:\sts-4.27.0.RELEASE\plugins\org.eclipse.m2e.maven.runtime_3.9.900.20240824-1409\jars\maven-repository-metadata-3.9.9.jar
2025-05-31 17:31:06,088 [Worker-2: Launching todo] INFO  o.eclipse.m2e.core.internal.Bundles - 	Entry: C:\sts-4.27.0.RELEASE\plugins\org.eclipse.m2e.maven.runtime_3.9.900.20240824-1409\jars\maven-resolver-api-1.9.22.jar
2025-05-31 17:31:06,088 [Worker-2: Launching todo] INFO  o.eclipse.m2e.core.internal.Bundles - 	Entry: C:\sts-4.27.0.RELEASE\plugins\org.eclipse.m2e.maven.runtime_3.9.900.20240824-1409\jars\maven-resolver-connector-basic-1.9.22.jar
2025-05-31 17:31:06,089 [Worker-2: Launching todo] INFO  o.eclipse.m2e.core.internal.Bundles - 	Entry: C:\sts-4.27.0.RELEASE\plugins\org.eclipse.m2e.maven.runtime_3.9.900.20240824-1409\jars\maven-resolver-impl-1.9.22.jar
2025-05-31 17:31:06,089 [Worker-2: Launching todo] INFO  o.eclipse.m2e.core.internal.Bundles - 	Entry: C:\sts-4.27.0.RELEASE\plugins\org.eclipse.m2e.maven.runtime_3.9.900.20240824-1409\jars\maven-resolver-named-locks-1.9.22.jar
2025-05-31 17:31:06,090 [Worker-2: Launching todo] INFO  o.eclipse.m2e.core.internal.Bundles - 	Entry: C:\sts-4.27.0.RELEASE\plugins\org.eclipse.m2e.maven.runtime_3.9.900.20240824-1409\jars\maven-resolver-provider-3.9.9.jar
2025-05-31 17:31:06,090 [Worker-2: Launching todo] INFO  o.eclipse.m2e.core.internal.Bundles - 	Entry: C:\sts-4.27.0.RELEASE\plugins\org.eclipse.m2e.maven.runtime_3.9.900.20240824-1409\jars\maven-resolver-spi-1.9.22.jar
2025-05-31 17:31:06,090 [Worker-2: Launching todo] INFO  o.eclipse.m2e.core.internal.Bundles - 	Entry: C:\sts-4.27.0.RELEASE\plugins\org.eclipse.m2e.maven.runtime_3.9.900.20240824-1409\jars\maven-resolver-transport-file-1.9.22.jar
2025-05-31 17:31:06,091 [Worker-2: Launching todo] INFO  o.eclipse.m2e.core.internal.Bundles - 	Entry: C:\sts-4.27.0.RELEASE\plugins\org.eclipse.m2e.maven.runtime_3.9.900.20240824-1409\jars\maven-resolver-transport-http-1.9.22.jar
2025-05-31 17:31:06,091 [Worker-2: Launching todo] INFO  o.eclipse.m2e.core.internal.Bundles - 	Entry: C:\sts-4.27.0.RELEASE\plugins\org.eclipse.m2e.maven.runtime_3.9.900.20240824-1409\jars\maven-resolver-transport-wagon-1.9.22.jar
2025-05-31 17:31:06,092 [Worker-2: Launching todo] INFO  o.eclipse.m2e.core.internal.Bundles - 	Entry: C:\sts-4.27.0.RELEASE\plugins\org.eclipse.m2e.maven.runtime_3.9.900.20240824-1409\jars\maven-resolver-util-1.9.22.jar
2025-05-31 17:31:06,093 [Worker-2: Launching todo] INFO  o.eclipse.m2e.core.internal.Bundles - 	Entry: C:\sts-4.27.0.RELEASE\plugins\org.eclipse.m2e.maven.runtime_3.9.900.20240824-1409\jars\maven-settings-3.9.9.jar
2025-05-31 17:31:06,094 [Worker-2: Launching todo] INFO  o.eclipse.m2e.core.internal.Bundles - 	Entry: C:\sts-4.27.0.RELEASE\plugins\org.eclipse.m2e.maven.runtime_3.9.900.20240824-1409\jars\maven-settings-builder-3.9.9.jar
2025-05-31 17:31:06,095 [Worker-2: Launching todo] INFO  o.eclipse.m2e.core.internal.Bundles - 	Entry: C:\sts-4.27.0.RELEASE\plugins\org.eclipse.m2e.maven.runtime_3.9.900.20240824-1409\jars\maven-shared-utils-3.4.2.jar
2025-05-31 17:31:06,095 [Worker-2: Launching todo] INFO  o.eclipse.m2e.core.internal.Bundles - 	Entry: C:\sts-4.27.0.RELEASE\plugins\org.eclipse.m2e.maven.runtime_3.9.900.20240824-1409\jars\org.eclipse.sisu.inject-0.9.0.M3.jar
2025-05-31 17:31:06,096 [Worker-2: Launching todo] INFO  o.eclipse.m2e.core.internal.Bundles - 	Entry: C:\sts-4.27.0.RELEASE\plugins\org.eclipse.m2e.maven.runtime_3.9.900.20240824-1409\jars\org.eclipse.sisu.plexus-0.9.0.M3.jar
2025-05-31 17:31:06,096 [Worker-2: Launching todo] INFO  o.eclipse.m2e.core.internal.Bundles - 	Entry: C:\sts-4.27.0.RELEASE\plugins\org.eclipse.m2e.maven.runtime_3.9.900.20240824-1409\jars\plexus-build-api-0.0.7.jar
2025-05-31 17:31:06,097 [Worker-2: Launching todo] INFO  o.eclipse.m2e.core.internal.Bundles - 	Entry: C:\sts-4.27.0.RELEASE\plugins\org.eclipse.m2e.maven.runtime_3.9.900.20240824-1409\jars\plexus-build-api-1.2.0.jar
2025-05-31 17:31:06,097 [Worker-2: Launching todo] INFO  o.eclipse.m2e.core.internal.Bundles - 	Entry: C:\sts-4.27.0.RELEASE\plugins\org.eclipse.m2e.maven.runtime_3.9.900.20240824-1409\jars\plexus-cipher-2.0.jar
2025-05-31 17:31:06,097 [Worker-2: Launching todo] INFO  o.eclipse.m2e.core.internal.Bundles - 	Entry: C:\sts-4.27.0.RELEASE\plugins\org.eclipse.m2e.maven.runtime_3.9.900.20240824-1409\jars\plexus-classworlds-2.8.0.jar
2025-05-31 17:31:06,098 [Worker-2: Launching todo] INFO  o.eclipse.m2e.core.internal.Bundles - 	Entry: C:\sts-4.27.0.RELEASE\plugins\org.eclipse.m2e.maven.runtime_3.9.900.20240824-1409\jars\plexus-component-annotations-2.1.0.jar
2025-05-31 17:31:06,098 [Worker-2: Launching todo] INFO  o.eclipse.m2e.core.internal.Bundles - 	Entry: C:\sts-4.27.0.RELEASE\plugins\org.eclipse.m2e.maven.runtime_3.9.900.20240824-1409\jars\plexus-interpolation-1.27.jar
2025-05-31 17:31:06,099 [Worker-2: Launching todo] INFO  o.eclipse.m2e.core.internal.Bundles - 	Entry: C:\sts-4.27.0.RELEASE\plugins\org.eclipse.m2e.maven.runtime_3.9.900.20240824-1409\jars\plexus-sec-dispatcher-2.0.jar
2025-05-31 17:31:06,099 [Worker-2: Launching todo] INFO  o.eclipse.m2e.core.internal.Bundles - 	Entry: C:\sts-4.27.0.RELEASE\plugins\org.eclipse.m2e.maven.runtime_3.9.900.20240824-1409\jars\plexus-utils-3.5.1.jar
2025-05-31 17:31:06,100 [Worker-2: Launching todo] INFO  o.eclipse.m2e.core.internal.Bundles - 	Entry: C:\sts-4.27.0.RELEASE\plugins\org.eclipse.m2e.maven.runtime_3.9.900.20240824-1409\jars\plexus-xml-3.0.1.jar
2025-05-31 17:31:06,100 [Worker-2: Launching todo] INFO  o.eclipse.m2e.core.internal.Bundles - 	Entry: C:\sts-4.27.0.RELEASE\plugins\org.eclipse.m2e.maven.runtime_3.9.900.20240824-1409\jars\wagon-file-3.5.3.jar
2025-05-31 17:31:06,100 [Worker-2: Launching todo] INFO  o.eclipse.m2e.core.internal.Bundles - 	Entry: C:\sts-4.27.0.RELEASE\plugins\org.eclipse.m2e.maven.runtime_3.9.900.20240824-1409\jars\wagon-http-3.5.3.jar
2025-05-31 17:31:06,101 [Worker-2: Launching todo] INFO  o.eclipse.m2e.core.internal.Bundles - 	Entry: C:\sts-4.27.0.RELEASE\plugins\org.eclipse.m2e.maven.runtime_3.9.900.20240824-1409\jars\wagon-http-shared-3.5.3.jar
2025-05-31 17:31:06,101 [Worker-2: Launching todo] INFO  o.eclipse.m2e.core.internal.Bundles - 	Entry: C:\sts-4.27.0.RELEASE\plugins\org.eclipse.m2e.maven.runtime_3.9.900.20240824-1409\jars\wagon-provider-api-3.5.3.jar
2025-05-31 17:31:06,103 [Worker-2: Launching todo] INFO  o.eclipse.m2e.core.internal.Bundles - getClasspathEntries(Bundle=com.google.guava_33.3.1.jre [29])
2025-05-31 17:31:06,104 [Worker-2: Launching todo] INFO  o.eclipse.m2e.core.internal.Bundles - 	Entry: C:\sts-4.27.0.RELEASE\plugins\com.google.guava_33.3.1.jre.jar
2025-05-31 17:31:06,104 [Worker-2: Launching todo] INFO  o.eclipse.m2e.core.internal.Bundles - getClasspathEntries(Bundle=slf4j.api_2.0.16 [615])
2025-05-31 17:31:06,104 [Worker-2: Launching todo] INFO  o.eclipse.m2e.core.internal.Bundles - 	Entry: C:\sts-4.27.0.RELEASE\plugins\slf4j.api_2.0.16.jar
2025-05-31 17:31:06,104 [Worker-2: Launching todo] INFO  o.eclipse.m2e.core.internal.Bundles - getClasspathEntries(Bundle=jakarta.inject.jakarta.inject-api_1.0.5 [45])
2025-05-31 17:31:06,105 [Worker-2: Launching todo] INFO  o.eclipse.m2e.core.internal.Bundles - 	Entry: C:\sts-4.27.0.RELEASE\plugins\jakarta.inject.jakarta.inject-api_1.0.5.jar
2025-05-31 17:31:06,105 [Worker-2: Launching todo] INFO  o.eclipse.m2e.core.internal.Bundles - getClasspathEntries(Bundle=jakarta.annotation-api_1.3.5 [41])
2025-05-31 17:31:06,105 [Worker-2: Launching todo] INFO  o.eclipse.m2e.core.internal.Bundles - 	Entry: C:\sts-4.27.0.RELEASE\plugins\jakarta.annotation-api_1.3.5.jar
2025-05-31 17:31:06,105 [Worker-2: Launching todo] INFO  o.eclipse.m2e.core.internal.Bundles - getClasspathEntries(Bundle=org.apache.commons.cli_1.9.0 [78])
2025-05-31 17:31:06,106 [Worker-2: Launching todo] INFO  o.eclipse.m2e.core.internal.Bundles - 	Entry: C:\sts-4.27.0.RELEASE\plugins\org.apache.commons.cli_1.9.0.jar
2025-05-31 17:31:06,106 [Worker-2: Launching todo] INFO  o.eclipse.m2e.core.internal.Bundles - getClasspathEntries(Bundle=org.apache.commons.commons-codec_1.16.0 [81])
2025-05-31 17:31:06,107 [Worker-2: Launching todo] INFO  o.eclipse.m2e.core.internal.Bundles - 	Entry: C:\sts-4.27.0.RELEASE\plugins\org.apache.commons.commons-codec_1.16.0.jar
2025-05-31 17:31:06,107 [Worker-2: Launching todo] INFO  o.eclipse.m2e.core.internal.Bundles - getClasspathEntries(Bundle=com.google.guava.failureaccess_1.0.2 [30])
2025-05-31 17:31:06,107 [Worker-2: Launching todo] INFO  o.eclipse.m2e.core.internal.Bundles - 	Entry: C:\sts-4.27.0.RELEASE\plugins\com.google.guava.failureaccess_1.0.2.jar
2025-05-31 17:31:06,112 [Worker-2: Launching todo] INFO  o.e.m.i.launch.MavenLaunchDelegate - Run build in "F:\Enzigma_V02\todo":
2025-05-31 17:31:06,118 [Worker-2: Launching todo] INFO  o.e.m.i.launch.MavenLaunchDelegate -  mvn  -B -Dstyle.color=always clean compile
2025-05-31 18:48:23,119 [Worker-4: Loading available Gradle versions] INFO  o.e.b.c.i.u.g.PublishedGradleVersions - Gradle version information cache is up-to-date. Trying to read.
2025-05-31 18:48:35,003 [Worker-0: Building] INFO  o.a.m.s.f.DefaultMavenResourcesFiltering - Copying 1 resource from src\main\resources to target\classes
2025-05-31 18:48:35,059 [Worker-0: Building] INFO  o.a.m.s.f.DefaultMavenResourcesFiltering - Copying 0 resource from src\main\resources to target\classes
2025-05-31 18:48:35,074 [Worker-0: Building] INFO  o.a.m.s.f.DefaultMavenResourcesFiltering - skip non existing resourceDirectory F:\Enzigma_V02\todo\src\test\resources
